<?xml version="1.0" encoding="UTF-8"?>
<testsuite xmlns:xsi="http://www.w3.org/2001/XMLSchema-instance" xsi:noNamespaceSchemaLocation="https://maven.apache.org/surefire/maven-surefire-plugin/xsd/surefire-test-report.xsd" name="com.umpay.merinfo.WxSubAppidConfigAPITest" time="0.001" tests="1" errors="1" skipped="0" failures="0">
  <properties>
[...]
</properties>
  <testcase name="queryOrder" classname="com.umpay.merinfo.WxSubAppidConfigAPITest" time="0">
    <error message="File &apos;cert\testSpay.key.p8&apos; does not exist" type="java.io.FileNotFoundException">java.io.FileNotFoundException: File 'cert\testSpay.key.p8' does not exist
	at com.umpay.merinfo.WxSubAppidConfigAPITest.queryOrder(WxSubAppidConfigAPITest.java:33)
</error>
    <system-out><![CDATA[待签名明文串:acqMerId=41509208&acqSpId=Y471790403&subAppid=
]]></system-out>
  </testcase>
</testsuite>